<?xml version="1.0" encoding="UTF-8"?>
<!-- Generated by org.testng.reporters.JUnitXMLReporter -->
<testsuite ignored="0" hostname="DESKTOP-IOQ7J5S" failures="0" tests="2" name="Default test" time="65.557" errors="0" timestamp="2024-06-18T21:50:12 IST">
  <testcase classname="testcases.WorkersTestCase" name="verifyTheTextofSearchButtoninWorkersPage" time="9.765"/>
  <testcase classname="testcases.WorkersTestCase" name="verifythefontsizeofSearchbuttoninWorkerPage" time="7.991"/>
</testsuite> <!-- Default test -->
