<?xml version="1.0" encoding="UTF-8"?>
<!-- Generated by org.testng.reporters.JUnitXMLReporter -->
<testsuite ignored="2" hostname="DESKTOP-IOQ7J5S" failures="0" tests="3" name="Grouping Test" time="0.192" errors="0" timestamp="2024-06-13T18:18:44 IST">
  <testcase classname="testNGCommands.Grouping" name="testcase2" time="0.014"/>
  <testcase classname="testNGCommands.Grouping" name="testcase3" time="0.006"/>
  <testcase classname="testNGCommands.Grouping" name="testcase4" time="0.005"/>
  <testcase classname="testNGCommands.Grouping" name="testcase1" time="0.0">
    <ignored/>
  </testcase> <!-- testcase1 -->
  <testcase classname="testNGCommands.Grouping" name="testcase5" time="0.0">
    <ignored/>
  </testcase> <!-- testcase5 -->
</testsuite> <!-- Grouping Test -->
