<?xml version="1.0" encoding="UTF-8"?>
<!-- Generated by org.testng.reporters.JUnitXMLReporter -->
<testsuite ignored="0" hostname="DESKTOP-IOQ7J5S" failures="0" tests="8" name="My Test" time="0.767" errors="0" timestamp="2024-06-10T20:31:04 IST">
  <testcase classname="testNGCommands.Priority" name="testcase3" time="0.089"/>
  <testcase classname="testNGCommands.Priority" name="testcase2" time="0.08"/>
  <testcase classname="testNGCommands.Priority" name="testcase4" time="0.017"/>
  <testcase classname="testNGCommands.Priority" name="testCase1" time="0.022"/>
  <testcase classname="testNGCommands.Priority" name="testcase5" time="0.021"/>
  <testcase classname="testNGCommands.Annotation" name="testcase1" time="0.005"/>
  <testcase classname="testNGCommands.Annotation" name="testcase2" time="0.017"/>
  <testcase classname="testNGCommands.Annotation" name="testcase3" time="0.021"/>
</testsuite> <!-- My Test -->
